<?xml version="1.0" encoding="UTF-8"?>
<testsuites name="4.TS_Active_Visits" time="538.592" tests="2" failures="2" errors="0">
   <testsuite name="4.TS_Active_Visits" tests="2" failures="2" errors="0" time="538.592" skipped="0" timestamp="13-04-2025T16:28:39" hostname="acer - 20.20.2.217" id="Test Suites/4.TS_Active_Visits">
      <properties>
         <property name="deviceName" value=""/>
         <property name="devicePlatform"/>
         <property name="logFolder" value="C:\\Users\\acer\\OneDrive\\Documents\\Automation-openRMS\\Reports\\20250413_161708\\4.TS_Active_Visits\\20250413_161715"/>
         <property name="logFiles" value="C:\\Users\\acer\\OneDrive\\Documents\\Automation-openRMS\\Reports\\20250413_161708\\4.TS_Active_Visits\\20250413_161715\\execution0.log"/>
         <property name="attachments" value="C:\\Users\\acer\\OneDrive\\Documents\\Automation-openRMS\\Reports\\20250413_161708\\4.TS_Active_Visits\\20250413_161715\\1744536589552.png, C:\\Users\\acer\\OneDrive\\Documents\\Automation-openRMS\\Reports\\20250413_161708\\4.TS_Active_Visits\\20250413_161715\\1744536589756.png, C:\\Users\\acer\\OneDrive\\Documents\\Automation-openRMS\\Reports\\20250413_161708\\4.TS_Active_Visits\\20250413_161715\\1744536668079.png, C:\\Users\\acer\\OneDrive\\Documents\\Automation-openRMS\\Reports\\20250413_161708\\4.TS_Active_Visits\\20250413_161715\\1744536668260.png, C:\\Users\\acer\\OneDrive\\Documents\\Automation-openRMS\\Reports\\20250413_161708\\4.TS_Active_Visits\\20250413_161715\\1744536736283.png, C:\\Users\\acer\\OneDrive\\Documents\\Automation-openRMS\\Reports\\20250413_161708\\4.TS_Active_Visits\\20250413_161715\\1744536736426.png, C:\\Users\\acer\\OneDrive\\Documents\\Automation-openRMS\\Reports\\20250413_161708\\4.TS_Active_Visits\\20250413_161715\\1744536803891.png, C:\\Users\\acer\\OneDrive\\Documents\\Automation-openRMS\\Reports\\20250413_161708\\4.TS_Active_Visits\\20250413_161715\\1744536804045.png, C:\\Users\\acer\\OneDrive\\Documents\\Automation-openRMS\\Reports\\20250413_161708\\4.TS_Active_Visits\\20250413_161715\\1744536854397.png, C:\\Users\\acer\\OneDrive\\Documents\\Automation-openRMS\\Reports\\20250413_161708\\4.TS_Active_Visits\\20250413_161715\\1744536854554.png, C:\\Users\\acer\\OneDrive\\Documents\\Automation-openRMS\\Reports\\20250413_161708\\4.TS_Active_Visits\\20250413_161715\\1744536914025.png, C:\\Users\\acer\\OneDrive\\Documents\\Automation-openRMS\\Reports\\20250413_161708\\4.TS_Active_Visits\\20250413_161715\\1744536914215.png, C:\\Users\\acer\\OneDrive\\Documents\\Automation-openRMS\\Reports\\20250413_161708\\4.TS_Active_Visits\\20250413_161715\\1744536985682.png, C:\\Users\\acer\\OneDrive\\Documents\\Automation-openRMS\\Reports\\20250413_161708\\4.TS_Active_Visits\\20250413_161715\\1744536985870.png, C:\\Users\\acer\\OneDrive\\Documents\\Automation-openRMS\\Reports\\20250413_161708\\4.TS_Active_Visits\\20250413_161715\\1744537057533.png, C:\\Users\\acer\\OneDrive\\Documents\\Automation-openRMS\\Reports\\20250413_161708\\4.TS_Active_Visits\\20250413_161715\\1744537057690.png"/>
         <property name="hostName" value="acer - 20.20.2.217"/>
         <property name="os" value="Windows 11 64bit"/>
         <property name="katalonVersion" value="10.1.1.0"/>
         <property name="browser" value="Chrome 135.0.7049.42"/>
         <property name="hostAddress" value="20.20.2.217"/>
         <property name="sessionId" value="c2248839ec8c8e5672a790761a0fe0dd"/>
         <property name="seleniumVersion" value="4.22.0"/>
         <property name="proxyInformation" value="ProxyInformation { proxyOption=NO_PROXY, proxyServerType=HTTP, username=, password=********, proxyServerAddress=, proxyServerPort=0, executionList=&quot;&quot;, isApplyToDesiredCapabilities=true }"/>
         <property name="platform" value="Windows 11"/>
      </properties>
      <testcase name="Test Cases/4. Active Visits/1. Search Active Visits by Patient Id, Name, Last Seen" time="67.618" classname="Test Cases/4. Active Visits/1. Search Active Visits by Patient Id, Name, Last Seen" status="FAILED">
         <failure type="FAILED" message="Test Cases/4. Active Visits/1. Search Active Visits by Patient Id, Name, Last Seen FAILED.&#xa;Reason:&#xa;com.kms.katalon.core.exception.StepFailedException: Verify element text of test object 'Object Repository/Page_OpenMRS Electronic Medical Record/a_irman ramadhan ZPNWq2sg' FAILED.&#xa;	at com.kms.katalon.core.webui.keyword.internal.WebUIKeywordMain.stepFailed(WebUIKeywordMain.groovy:117)&#xa;	at com.kms.katalon.core.webui.keyword.internal.WebUIKeywordMain.runKeyword(WebUIKeywordMain.groovy:43)&#xa;	at com.kms.katalon.core.webui.keyword.builtin.VerifyElementTextKeyword.verifyElementText(VerifyElementTextKeyword.groovy:72)&#xa;	at com.kms.katalon.core.webui.keyword.builtin.VerifyElementTextKeyword.execute(VerifyElementTextKeyword.groovy:40)&#xa;	at com.kms.katalon.core.keyword.internal.KeywordExecutor.executeKeywordForPlatform(KeywordExecutor.groovy:74)&#xa;	at com.kms.katalon.core.webui.keyword.WebUiBuiltInKeywords.verifyElementText(WebUiBuiltInKeywords.groovy:4994)&#xa;	at 1. Search Active Visits by Patient Id, Name, Last Seen.run(1. Search Active Visits by Patient Id, Name, Last Seen:24)&#xa;	at com.kms.katalon.core.main.ScriptEngine.run(ScriptEngine.java:194)&#xa;	at com.kms.katalon.core.main.ScriptEngine.runScriptAsRawText(ScriptEngine.java:119)&#xa;	at com.kms.katalon.core.main.TestCaseExecutor.runScript(TestCaseExecutor.java:448)&#xa;	at com.kms.katalon.core.main.TestCaseExecutor.doExecute(TestCaseExecutor.java:439)&#xa;	at com.kms.katalon.core.main.TestCaseExecutor.processExecutionPhase(TestCaseExecutor.java:418)&#xa;	at com.kms.katalon.core.main.TestCaseExecutor.accessMainPhase(TestCaseExecutor.java:410)&#xa;	at com.kms.katalon.core.main.TestCaseExecutor.execute(TestCaseExecutor.java:285)&#xa;	at com.kms.katalon.core.main.TestCaseExecutor.execute(TestCaseExecutor.java:369)&#xa;	at com.kms.katalon.core.main.TestCaseExecutor.execute(TestCaseExecutor.java:369)&#xa;	at com.kms.katalon.core.main.TestCaseExecutor.execute(TestCaseExecutor.java:369)&#xa;	at com.kms.katalon.core.common.CommonExecutor.accessTestCaseMainPhase(CommonExecutor.java:71)&#xa;	at com.kms.katalon.core.main.TestSuiteExecutor.accessTestSuiteMainPhase(TestSuiteExecutor.java:160)&#xa;	at com.kms.katalon.core.main.TestSuiteExecutor.execute(TestSuiteExecutor.java:107)&#xa;	at com.kms.katalon.core.main.TestCaseMain.startTestSuite(TestCaseMain.java:180)&#xa;	at TempTestSuite1744535835378.run(TempTestSuite1744535835378.groovy:35)&#xa;	at java.base/jdk.internal.reflect.NativeMethodAccessorImpl.invoke0(Native Method)&#xa;	at java.base/jdk.internal.reflect.NativeMethodAccessorImpl.invoke(NativeMethodAccessorImpl.java:77)&#xa;	at java.base/jdk.internal.reflect.DelegatingMethodAccessorImpl.invoke(DelegatingMethodAccessorImpl.java:43)&#xa;Caused by: com.kms.katalon.core.exception.StepFailedException: Actual text 'irman ramadhan nhf4lZF9' and expected text 'irman ramadhan ZPNWq2sg' of test object 'Object Repository/Page_OpenMRS Electronic Medical Record/a_irman ramadhan ZPNWq2sg' are NOT matched.&#xa;	at com.kms.katalon.core.webui.keyword.internal.WebUIKeywordMain.stepFailed(WebUIKeywordMain.groovy:117)&#xa;	at com.kms.katalon.core.webui.keyword.builtin.VerifyElementTextKeyword$_verifyElementText_closure1.doCall(VerifyElementTextKeyword.groovy:57)&#xa;	at com.kms.katalon.core.webui.keyword.builtin.VerifyElementTextKeyword$_verifyElementText_closure1.call(VerifyElementTextKeyword.groovy)&#xa;	at com.kms.katalon.core.webui.keyword.internal.WebUIKeywordMain.runKeyword(WebUIKeywordMain.groovy:35)&#xa;	... 23 more&#xa;"/>
         <system-out><![CDATA[13-04-2025T16:32:16 - [TEST_CASE][FAILED] - Test Cases/4. Active Visits/1. Search Active Visits by Patient Id, Name, Last Seen: Test Cases/4. Active Visits/1. Search Active Visits by Patient Id, Name, Last Seen FAILED.
Reason:
com.kms.katalon.core.exception.StepFailedException: Verify element text of test object 'Object Repository/Page_OpenMRS Electronic Medical Record/a_irman ramadhan ZPNWq2sg' FAILED.
	at com.kms.katalon.core.webui.keyword.internal.WebUIKeywordMain.stepFailed(WebUIKeywordMain.groovy:117)
	at com.kms.katalon.core.webui.keyword.internal.WebUIKeywordMain.runKeyword(WebUIKeywordMain.groovy:43)
	at com.kms.katalon.core.webui.keyword.builtin.VerifyElementTextKeyword.verifyElementText(VerifyElementTextKeyword.groovy:72)
	at com.kms.katalon.core.webui.keyword.builtin.VerifyElementTextKeyword.execute(VerifyElementTextKeyword.groovy:40)
	at com.kms.katalon.core.keyword.internal.KeywordExecutor.executeKeywordForPlatform(KeywordExecutor.groovy:74)
	at com.kms.katalon.core.webui.keyword.WebUiBuiltInKeywords.verifyElementText(WebUiBuiltInKeywords.groovy:4994)
	at 1. Search Active Visits by Patient Id, Name, Last Seen.run(1. Search Active Visits by Patient Id, Name, Last Seen:24)
	at com.kms.katalon.core.main.ScriptEngine.run(ScriptEngine.java:194)
	at com.kms.katalon.core.main.ScriptEngine.runScriptAsRawText(ScriptEngine.java:119)
	at com.kms.katalon.core.main.TestCaseExecutor.runScript(TestCaseExecutor.java:448)
	at com.kms.katalon.core.main.TestCaseExecutor.doExecute(TestCaseExecutor.java:439)
	at com.kms.katalon.core.main.TestCaseExecutor.processExecutionPhase(TestCaseExecutor.java:418)
	at com.kms.katalon.core.main.TestCaseExecutor.accessMainPhase(TestCaseExecutor.java:410)
	at com.kms.katalon.core.main.TestCaseExecutor.execute(TestCaseExecutor.java:285)
	at com.kms.katalon.core.main.TestCaseExecutor.execute(TestCaseExecutor.java:369)
	at com.kms.katalon.core.main.TestCaseExecutor.execute(TestCaseExecutor.java:369)
	at com.kms.katalon.core.main.TestCaseExecutor.execute(TestCaseExecutor.java:369)
	at com.kms.katalon.core.common.CommonExecutor.accessTestCaseMainPhase(CommonExecutor.java:71)
	at com.kms.katalon.core.main.TestSuiteExecutor.accessTestSuiteMainPhase(TestSuiteExecutor.java:160)
	at com.kms.katalon.core.main.TestSuiteExecutor.execute(TestSuiteExecutor.java:107)
	at com.kms.katalon.core.main.TestCaseMain.startTestSuite(TestCaseMain.java:180)
	at TempTestSuite1744535835378.run(TempTestSuite1744535835378.groovy:35)
	at java.base/jdk.internal.reflect.NativeMethodAccessorImpl.invoke0(Native Method)
	at java.base/jdk.internal.reflect.NativeMethodAccessorImpl.invoke(NativeMethodAccessorImpl.java:77)
	at java.base/jdk.internal.reflect.DelegatingMethodAccessorImpl.invoke(DelegatingMethodAccessorImpl.java:43)
Caused by: com.kms.katalon.core.exception.StepFailedException: Actual text 'irman ramadhan nhf4lZF9' and expected text 'irman ramadhan ZPNWq2sg' of test object 'Object Repository/Page_OpenMRS Electronic Medical Record/a_irman ramadhan ZPNWq2sg' are NOT matched.
	at com.kms.katalon.core.webui.keyword.internal.WebUIKeywordMain.stepFailed(WebUIKeywordMain.groovy:117)
	at com.kms.katalon.core.webui.keyword.builtin.VerifyElementTextKeyword$_verifyElementText_closure1.doCall(VerifyElementTextKeyword.groovy:57)
	at com.kms.katalon.core.webui.keyword.builtin.VerifyElementTextKeyword$_verifyElementText_closure1.call(VerifyElementTextKeyword.groovy)
	at com.kms.katalon.core.webui.keyword.internal.WebUIKeywordMain.runKeyword(WebUIKeywordMain.groovy:35)
	... 23 more


13-04-2025T16:32:16 - [TEST_STEP][PASSED] - Start listener action : sampleBeforeTestCase: Actual text and expected text of test object 'Object Repository/Dashboard/login_as' are matched.

13-04-2025T16:32:16 - [TEST_STEP][PASSED] - openBrowser(""): Browser is opened with url: ''

13-04-2025T16:32:16 - [MESSAGE][WARNING] - A browser is already opened. Closing browser and opening a new one

13-04-2025T16:32:16 - [MESSAGE][INFO] - Starting 'Chrome' driver

13-04-2025T16:32:16 - [MESSAGE][INFO] - Action delay is set to 0 milliseconds

13-04-2025T16:32:17 - [MESSAGE][PASSED] - Browser is opened with url: ''

13-04-2025T16:32:17 - [TEST_STEP][PASSED] - maximizeWindow(): Current window maximized

13-04-2025T16:32:17 - [MESSAGE][PASSED] - Current window maximized

13-04-2025T16:32:17 - [TEST_STEP][PASSED] - navigateToUrl(url): Navigate to 'https://o2.openmrs.org/openmrs/login.htm' successfully

13-04-2025T16:32:43 - [MESSAGE][PASSED] - Navigate to 'https://o2.openmrs.org/openmrs/login.htm' successfully

13-04-2025T16:32:43 - [TEST_STEP][PASSED] - setText(findTestObject("Object Repository/Page_Login/input_Username_username"), "admin"): Text 'admin' is set on object 'Object Repository/Page_Login/input_Username_username'

13-04-2025T16:32:44 - [MESSAGE][PASSED] - Text 'admin' is set on object 'Object Repository/Page_Login/input_Username_username'

13-04-2025T16:32:44 - [TEST_STEP][PASSED] - setEncryptedText(findTestObject("Object Repository/Page_Login/input_Password_password"), "/5S6MFFLcE4mlsixtc6/Tg=="): Text ****** has been set on object 'Object Repository/Page_Login/input_Password_password'

13-04-2025T16:32:44 - [MESSAGE][PASSED] - Text ****** has been set on object 'Object Repository/Page_Login/input_Password_password'

13-04-2025T16:32:44 - [TEST_STEP][PASSED] - click(findTestObject("Object Repository/Page_Login/li_Pharmacy")): Object: 'Object Repository/Page_Login/li_Pharmacy' is clicked on

13-04-2025T16:32:45 - [MESSAGE][PASSED] - Object: 'Object Repository/Page_Login/li_Pharmacy' is clicked on

13-04-2025T16:32:45 - [TEST_STEP][PASSED] - click(findTestObject("Object Repository/Page_Login/input_Registration Desk_loginButton")): Object: 'Object Repository/Page_Login/input_Registration Desk_loginButton' is clicked on

13-04-2025T16:32:47 - [MESSAGE][PASSED] - Object: 'Object Repository/Page_Login/input_Registration Desk_loginButton' is clicked on

13-04-2025T16:32:47 - [TEST_STEP][PASSED] - verifyElementText(findTestObject("Object Repository/Dashboard/login_as"), "Logged in as Super User (admin) at Pharmacy."): Actual text and expected text of test object 'Object Repository/Dashboard/login_as' are matched.

13-04-2025T16:32:47 - [MESSAGE][PASSED] - Actual text and expected text of test object 'Object Repository/Dashboard/login_as' are matched.

13-04-2025T16:32:47 - [TEST_STEP][PASSED] - click(findTestObject("Object Repository/Page_Home/a_Active Visits")): Object: 'Object Repository/Page_Home/a_Active Visits' is clicked on

13-04-2025T16:32:51 - [MESSAGE][PASSED] - Object: 'Object Repository/Page_Home/a_Active Visits' is clicked on

13-04-2025T16:32:51 - [TEST_STEP][PASSED] - setText(findTestObject("Object Repository/Page_OpenMRS Electronic Medical Record/input_search"), "irman ramadhan"): Text 'irman ramadhan' is set on object 'Object Repository/Page_OpenMRS Electronic Medical Record/input_search'

13-04-2025T16:32:52 - [MESSAGE][PASSED] - Text 'irman ramadhan' is set on object 'Object Repository/Page_OpenMRS Electronic Medical Record/input_search'

13-04-2025T16:32:52 - [TEST_STEP][FAILED] - verifyElementText(findTestObject("Object Repository/Page_OpenMRS Electronic Medical Record/a_irman ramadhan ZPNWq2sg"), "irman ramadhan ZPNWq2sg"): Verify element text of test object 'Object Repository/Page_OpenMRS Electronic Medical Record/a_irman ramadhan ZPNWq2sg' FAILED. (Root cause: com.kms.katalon.core.exception.StepFailedException: Verify element text of test object 'Object Repository/Page_OpenMRS Electronic Medical Record/a_irman ramadhan ZPNWq2sg' FAILED.
	at com.kms.katalon.core.webui.keyword.internal.WebUIKeywordMain.stepFailed(WebUIKeywordMain.groovy:117)
	at com.kms.katalon.core.webui.keyword.internal.WebUIKeywordMain.runKeyword(WebUIKeywordMain.groovy:43)
	at com.kms.katalon.core.webui.keyword.builtin.VerifyElementTextKeyword.verifyElementText(VerifyElementTextKeyword.groovy:72)
	at com.kms.katalon.core.webui.keyword.builtin.VerifyElementTextKeyword.execute(VerifyElementTextKeyword.groovy:40)
	at com.kms.katalon.core.keyword.internal.KeywordExecutor.executeKeywordForPlatform(KeywordExecutor.groovy:74)
	at com.kms.katalon.core.webui.keyword.WebUiBuiltInKeywords.verifyElementText(WebUiBuiltInKeywords.groovy:4994)
	at 1. Search Active Visits by Patient Id, Name, Last Seen.run(1. Search Active Visits by Patient Id, Name, Last Seen:24)
	at com.kms.katalon.core.main.ScriptEngine.run(ScriptEngine.java:194)
	at com.kms.katalon.core.main.ScriptEngine.runScriptAsRawText(ScriptEngine.java:119)
	at com.kms.katalon.core.main.TestCaseExecutor.runScript(TestCaseExecutor.java:448)
	at com.kms.katalon.core.main.TestCaseExecutor.doExecute(TestCaseExecutor.java:439)
	at com.kms.katalon.core.main.TestCaseExecutor.processExecutionPhase(TestCaseExecutor.java:418)
	at com.kms.katalon.core.main.TestCaseExecutor.accessMainPhase(TestCaseExecutor.java:410)
	at com.kms.katalon.core.main.TestCaseExecutor.execute(TestCaseExecutor.java:285)
	at com.kms.katalon.core.main.TestCaseExecutor.execute(TestCaseExecutor.java:369)
	at com.kms.katalon.core.main.TestCaseExecutor.execute(TestCaseExecutor.java:369)
	at com.kms.katalon.core.main.TestCaseExecutor.execute(TestCaseExecutor.java:369)
	at com.kms.katalon.core.common.CommonExecutor.accessTestCaseMainPhase(CommonExecutor.java:71)
	at com.kms.katalon.core.main.TestSuiteExecutor.accessTestSuiteMainPhase(TestSuiteExecutor.java:160)
	at com.kms.katalon.core.main.TestSuiteExecutor.execute(TestSuiteExecutor.java:107)
	at com.kms.katalon.core.main.TestCaseMain.startTestSuite(TestCaseMain.java:180)
	at TempTestSuite1744535835378.run(TempTestSuite1744535835378.groovy:35)
	at java.base/jdk.internal.reflect.NativeMethodAccessorImpl.invoke0(Native Method)
	at java.base/jdk.internal.reflect.NativeMethodAccessorImpl.invoke(NativeMethodAccessorImpl.java:77)
	at java.base/jdk.internal.reflect.DelegatingMethodAccessorImpl.invoke(DelegatingMethodAccessorImpl.java:43)
Caused by: com.kms.katalon.core.exception.StepFailedException: Actual text 'irman ramadhan nhf4lZF9' and expected text 'irman ramadhan ZPNWq2sg' of test object 'Object Repository/Page_OpenMRS Electronic Medical Record/a_irman ramadhan ZPNWq2sg' are NOT matched.
	at com.kms.katalon.core.webui.keyword.internal.WebUIKeywordMain.stepFailed(WebUIKeywordMain.groovy:117)
	at com.kms.katalon.core.webui.keyword.builtin.VerifyElementTextKeyword$_verifyElementText_closure1.doCall(VerifyElementTextKeyword.groovy:57)
	at com.kms.katalon.core.webui.keyword.builtin.VerifyElementTextKeyword$_verifyElementText_closure1.call(VerifyElementTextKeyword.groovy)
	at com.kms.katalon.core.webui.keyword.internal.WebUIKeywordMain.runKeyword(WebUIKeywordMain.groovy:35)
	... 23 more
)

13-04-2025T16:33:23 - [MESSAGE][INFO] - Unable to find the element located by 'By.xpath: //tr[@id='visit-2419']/td[2]/a'. Please recheck the objects properties to make sure the desired element is located. 

13-04-2025T16:33:23 - [MESSAGE][WARNING] - [SELF-HEALING] Failed to find element with id 'Object Repository/Page_OpenMRS Electronic Medical Record/a_irman ramadhan ZPNWq2sg'. Try using Self-healing.

13-04-2025T16:33:23 - [MESSAGE][WARNING] - [SELF-HEALING] The current locator of test object 'Object Repository/Page_OpenMRS Electronic Medical Record/a_irman ramadhan ZPNWq2sg' was broken. Propose an alternative one: '(.//*[normalize-space(text()) and normalize-space(.)='Type of visit'])[1]/following::a[1]'.

13-04-2025T16:33:24 - [MESSAGE][FAILED] - Actual text 'irman ramadhan nhf4lZF9' and expected text 'irman ramadhan ZPNWq2sg' of test object 'Object Repository/Page_OpenMRS Electronic Medical Record/a_irman ramadhan ZPNWq2sg' are NOT matched. (Root cause: com.kms.katalon.core.exception.StepFailedException: Actual text 'irman ramadhan nhf4lZF9' and expected text 'irman ramadhan ZPNWq2sg' of test object 'Object Repository/Page_OpenMRS Electronic Medical Record/a_irman ramadhan ZPNWq2sg' are NOT matched.
	at com.kms.katalon.core.webui.keyword.internal.WebUIKeywordMain.stepFailed(WebUIKeywordMain.groovy:117)
	at com.kms.katalon.core.webui.keyword.builtin.VerifyElementTextKeyword$_verifyElementText_closure1.doCall(VerifyElementTextKeyword.groovy:57)
	at com.kms.katalon.core.webui.keyword.builtin.VerifyElementTextKeyword$_verifyElementText_closure1.call(VerifyElementTextKeyword.groovy)
	at com.kms.katalon.core.webui.keyword.internal.WebUIKeywordMain.runKeyword(WebUIKeywordMain.groovy:35)
	at com.kms.katalon.core.webui.keyword.builtin.VerifyElementTextKeyword.verifyElementText(VerifyElementTextKeyword.groovy:72)
	at com.kms.katalon.core.webui.keyword.builtin.VerifyElementTextKeyword.execute(VerifyElementTextKeyword.groovy:40)
	at com.kms.katalon.core.keyword.internal.KeywordExecutor.executeKeywordForPlatform(KeywordExecutor.groovy:74)
	at com.kms.katalon.core.webui.keyword.WebUiBuiltInKeywords.verifyElementText(WebUiBuiltInKeywords.groovy:4994)
	at 1. Search Active Visits by Patient Id, Name, Last Seen.run(1. Search Active Visits by Patient Id, Name, Last Seen:24)
	at com.kms.katalon.core.main.ScriptEngine.run(ScriptEngine.java:194)
	at com.kms.katalon.core.main.ScriptEngine.runScriptAsRawText(ScriptEngine.java:119)
	at com.kms.katalon.core.main.TestCaseExecutor.runScript(TestCaseExecutor.java:448)
	at com.kms.katalon.core.main.TestCaseExecutor.doExecute(TestCaseExecutor.java:439)
	at com.kms.katalon.core.main.TestCaseExecutor.processExecutionPhase(TestCaseExecutor.java:418)
	at com.kms.katalon.core.main.TestCaseExecutor.accessMainPhase(TestCaseExecutor.java:410)
	at com.kms.katalon.core.main.TestCaseExecutor.execute(TestCaseExecutor.java:285)
	at com.kms.katalon.core.main.TestCaseExecutor.execute(TestCaseExecutor.java:369)
	at com.kms.katalon.core.main.TestCaseExecutor.execute(TestCaseExecutor.java:369)
	at com.kms.katalon.core.main.TestCaseExecutor.execute(TestCaseExecutor.java:369)
	at com.kms.katalon.core.common.CommonExecutor.accessTestCaseMainPhase(CommonExecutor.java:71)
	at com.kms.katalon.core.main.TestSuiteExecutor.accessTestSuiteMainPhase(TestSuiteExecutor.java:160)
	at com.kms.katalon.core.main.TestSuiteExecutor.execute(TestSuiteExecutor.java:107)
	at com.kms.katalon.core.main.TestCaseMain.startTestSuite(TestCaseMain.java:180)
	at TempTestSuite1744535835378.run(TempTestSuite1744535835378.groovy:35)
	at java.base/jdk.internal.reflect.NativeMethodAccessorImpl.invoke0(Native Method)
	at java.base/jdk.internal.reflect.NativeMethodAccessorImpl.invoke(NativeMethodAccessorImpl.java:77)
	at java.base/jdk.internal.reflect.DelegatingMethodAccessorImpl.invoke(DelegatingMethodAccessorImpl.java:43)
)
[[ATTACHMENT|C:\\Users\\acer\\OneDrive\\Documents\\Automation-openRMS\\Reports\\20250413_161708\\4.TS_Active_Visits\\20250413_161715\\1744536803891.png]]

13-04-2025T16:33:24 - [MESSAGE][FAILED] - Verify element text of test object 'Object Repository/Page_OpenMRS Electronic Medical Record/a_irman ramadhan ZPNWq2sg' FAILED. (Root cause: com.kms.katalon.core.exception.StepFailedException: Verify element text of test object 'Object Repository/Page_OpenMRS Electronic Medical Record/a_irman ramadhan ZPNWq2sg' FAILED.
	at com.kms.katalon.core.webui.keyword.internal.WebUIKeywordMain.stepFailed(WebUIKeywordMain.groovy:117)
	at com.kms.katalon.core.webui.keyword.internal.WebUIKeywordMain.runKeyword(WebUIKeywordMain.groovy:43)
	at com.kms.katalon.core.webui.keyword.builtin.VerifyElementTextKeyword.verifyElementText(VerifyElementTextKeyword.groovy:72)
	at com.kms.katalon.core.webui.keyword.builtin.VerifyElementTextKeyword.execute(VerifyElementTextKeyword.groovy:40)
	at com.kms.katalon.core.keyword.internal.KeywordExecutor.executeKeywordForPlatform(KeywordExecutor.groovy:74)
	at com.kms.katalon.core.webui.keyword.WebUiBuiltInKeywords.verifyElementText(WebUiBuiltInKeywords.groovy:4994)
	at 1. Search Active Visits by Patient Id, Name, Last Seen.run(1. Search Active Visits by Patient Id, Name, Last Seen:24)
	at com.kms.katalon.core.main.ScriptEngine.run(ScriptEngine.java:194)
	at com.kms.katalon.core.main.ScriptEngine.runScriptAsRawText(ScriptEngine.java:119)
	at com.kms.katalon.core.main.TestCaseExecutor.runScript(TestCaseExecutor.java:448)
	at com.kms.katalon.core.main.TestCaseExecutor.doExecute(TestCaseExecutor.java:439)
	at com.kms.katalon.core.main.TestCaseExecutor.processExecutionPhase(TestCaseExecutor.java:418)
	at com.kms.katalon.core.main.TestCaseExecutor.accessMainPhase(TestCaseExecutor.java:410)
	at com.kms.katalon.core.main.TestCaseExecutor.execute(TestCaseExecutor.java:285)
	at com.kms.katalon.core.main.TestCaseExecutor.execute(TestCaseExecutor.java:369)
	at com.kms.katalon.core.main.TestCaseExecutor.execute(TestCaseExecutor.java:369)
	at com.kms.katalon.core.main.TestCaseExecutor.execute(TestCaseExecutor.java:369)
	at com.kms.katalon.core.common.CommonExecutor.accessTestCaseMainPhase(CommonExecutor.java:71)
	at com.kms.katalon.core.main.TestSuiteExecutor.accessTestSuiteMainPhase(TestSuiteExecutor.java:160)
	at com.kms.katalon.core.main.TestSuiteExecutor.execute(TestSuiteExecutor.java:107)
	at com.kms.katalon.core.main.TestCaseMain.startTestSuite(TestCaseMain.java:180)
	at TempTestSuite1744535835378.run(TempTestSuite1744535835378.groovy:35)
	at java.base/jdk.internal.reflect.NativeMethodAccessorImpl.invoke0(Native Method)
	at java.base/jdk.internal.reflect.NativeMethodAccessorImpl.invoke(NativeMethodAccessorImpl.java:77)
	at java.base/jdk.internal.reflect.DelegatingMethodAccessorImpl.invoke(DelegatingMethodAccessorImpl.java:43)
Caused by: com.kms.katalon.core.exception.StepFailedException: Actual text 'irman ramadhan nhf4lZF9' and expected text 'irman ramadhan ZPNWq2sg' of test object 'Object Repository/Page_OpenMRS Electronic Medical Record/a_irman ramadhan ZPNWq2sg' are NOT matched.
	at com.kms.katalon.core.webui.keyword.internal.WebUIKeywordMain.stepFailed(WebUIKeywordMain.groovy:117)
	at com.kms.katalon.core.webui.keyword.builtin.VerifyElementTextKeyword$_verifyElementText_closure1.doCall(VerifyElementTextKeyword.groovy:57)
	at com.kms.katalon.core.webui.keyword.builtin.VerifyElementTextKeyword$_verifyElementText_closure1.call(VerifyElementTextKeyword.groovy)
	at com.kms.katalon.core.webui.keyword.internal.WebUIKeywordMain.runKeyword(WebUIKeywordMain.groovy:35)
	... 23 more
)
[[ATTACHMENT|C:\\Users\\acer\\OneDrive\\Documents\\Automation-openRMS\\Reports\\20250413_161708\\4.TS_Active_Visits\\20250413_161715\\1744536804045.png]]]]></system-out>
         <system-err><![CDATA[13-04-2025T16:32:16 - [TEST_CASE][FAILED] - Test Cases/4. Active Visits/1. Search Active Visits by Patient Id, Name, Last Seen: Test Cases/4. Active Visits/1. Search Active Visits by Patient Id, Name, Last Seen FAILED.
Reason:
com.kms.katalon.core.exception.StepFailedException: Verify element text of test object 'Object Repository/Page_OpenMRS Electronic Medical Record/a_irman ramadhan ZPNWq2sg' FAILED.
	at com.kms.katalon.core.webui.keyword.internal.WebUIKeywordMain.stepFailed(WebUIKeywordMain.groovy:117)
	at com.kms.katalon.core.webui.keyword.internal.WebUIKeywordMain.runKeyword(WebUIKeywordMain.groovy:43)
	at com.kms.katalon.core.webui.keyword.builtin.VerifyElementTextKeyword.verifyElementText(VerifyElementTextKeyword.groovy:72)
	at com.kms.katalon.core.webui.keyword.builtin.VerifyElementTextKeyword.execute(VerifyElementTextKeyword.groovy:40)
	at com.kms.katalon.core.keyword.internal.KeywordExecutor.executeKeywordForPlatform(KeywordExecutor.groovy:74)
	at com.kms.katalon.core.webui.keyword.WebUiBuiltInKeywords.verifyElementText(WebUiBuiltInKeywords.groovy:4994)
	at 1. Search Active Visits by Patient Id, Name, Last Seen.run(1. Search Active Visits by Patient Id, Name, Last Seen:24)
	at com.kms.katalon.core.main.ScriptEngine.run(ScriptEngine.java:194)
	at com.kms.katalon.core.main.ScriptEngine.runScriptAsRawText(ScriptEngine.java:119)
	at com.kms.katalon.core.main.TestCaseExecutor.runScript(TestCaseExecutor.java:448)
	at com.kms.katalon.core.main.TestCaseExecutor.doExecute(TestCaseExecutor.java:439)
	at com.kms.katalon.core.main.TestCaseExecutor.processExecutionPhase(TestCaseExecutor.java:418)
	at com.kms.katalon.core.main.TestCaseExecutor.accessMainPhase(TestCaseExecutor.java:410)
	at com.kms.katalon.core.main.TestCaseExecutor.execute(TestCaseExecutor.java:285)
	at com.kms.katalon.core.main.TestCaseExecutor.execute(TestCaseExecutor.java:369)
	at com.kms.katalon.core.main.TestCaseExecutor.execute(TestCaseExecutor.java:369)
	at com.kms.katalon.core.main.TestCaseExecutor.execute(TestCaseExecutor.java:369)
	at com.kms.katalon.core.common.CommonExecutor.accessTestCaseMainPhase(CommonExecutor.java:71)
	at com.kms.katalon.core.main.TestSuiteExecutor.accessTestSuiteMainPhase(TestSuiteExecutor.java:160)
	at com.kms.katalon.core.main.TestSuiteExecutor.execute(TestSuiteExecutor.java:107)
	at com.kms.katalon.core.main.TestCaseMain.startTestSuite(TestCaseMain.java:180)
	at TempTestSuite1744535835378.run(TempTestSuite1744535835378.groovy:35)
	at java.base/jdk.internal.reflect.NativeMethodAccessorImpl.invoke0(Native Method)
	at java.base/jdk.internal.reflect.NativeMethodAccessorImpl.invoke(NativeMethodAccessorImpl.java:77)
	at java.base/jdk.internal.reflect.DelegatingMethodAccessorImpl.invoke(DelegatingMethodAccessorImpl.java:43)
Caused by: com.kms.katalon.core.exception.StepFailedException: Actual text 'irman ramadhan nhf4lZF9' and expected text 'irman ramadhan ZPNWq2sg' of test object 'Object Repository/Page_OpenMRS Electronic Medical Record/a_irman ramadhan ZPNWq2sg' are NOT matched.
	at com.kms.katalon.core.webui.keyword.internal.WebUIKeywordMain.stepFailed(WebUIKeywordMain.groovy:117)
	at com.kms.katalon.core.webui.keyword.builtin.VerifyElementTextKeyword$_verifyElementText_closure1.doCall(VerifyElementTextKeyword.groovy:57)
	at com.kms.katalon.core.webui.keyword.builtin.VerifyElementTextKeyword$_verifyElementText_closure1.call(VerifyElementTextKeyword.groovy)
	at com.kms.katalon.core.webui.keyword.internal.WebUIKeywordMain.runKeyword(WebUIKeywordMain.groovy:35)
	... 23 more]]></system-err>
      </testcase>
      <testcase name="Test Cases/4. Active Visits/2. Admin dapat melihat Active Visits Pasien" time="71.792" classname="Test Cases/4. Active Visits/2. Admin dapat melihat Active Visits Pasien" status="FAILED">
         <failure type="FAILED" message="Test Cases/4. Active Visits/2. Admin dapat melihat Active Visits Pasien FAILED.&#xa;Reason:&#xa;com.kms.katalon.core.exception.StepFailedException: Verify element text of test object 'Object Repository/Page_ActiveVisits/CurrentVisitActions' FAILED.&#xa;	at com.kms.katalon.core.webui.keyword.internal.WebUIKeywordMain.stepFailed(WebUIKeywordMain.groovy:117)&#xa;	at com.kms.katalon.core.webui.keyword.internal.WebUIKeywordMain.runKeyword(WebUIKeywordMain.groovy:43)&#xa;	at com.kms.katalon.core.webui.keyword.builtin.VerifyElementTextKeyword.verifyElementText(VerifyElementTextKeyword.groovy:72)&#xa;	at com.kms.katalon.core.webui.keyword.builtin.VerifyElementTextKeyword.execute(VerifyElementTextKeyword.groovy:40)&#xa;	at com.kms.katalon.core.keyword.internal.KeywordExecutor.executeKeywordForPlatform(KeywordExecutor.groovy:74)&#xa;	at com.kms.katalon.core.webui.keyword.WebUiBuiltInKeywords.verifyElementText(WebUiBuiltInKeywords.groovy:4994)&#xa;	at 2. Admin dapat melihat Active Visits Pasien.run(2. Admin dapat melihat Active Visits Pasien:98)&#xa;	at com.kms.katalon.core.main.ScriptEngine.run(ScriptEngine.java:194)&#xa;	at com.kms.katalon.core.main.ScriptEngine.runScriptAsRawText(ScriptEngine.java:119)&#xa;	at com.kms.katalon.core.main.TestCaseExecutor.runScript(TestCaseExecutor.java:448)&#xa;	at com.kms.katalon.core.main.TestCaseExecutor.doExecute(TestCaseExecutor.java:439)&#xa;	at com.kms.katalon.core.main.TestCaseExecutor.processExecutionPhase(TestCaseExecutor.java:418)&#xa;	at com.kms.katalon.core.main.TestCaseExecutor.accessMainPhase(TestCaseExecutor.java:410)&#xa;	at com.kms.katalon.core.main.TestCaseExecutor.execute(TestCaseExecutor.java:285)&#xa;	at com.kms.katalon.core.main.TestCaseExecutor.execute(TestCaseExecutor.java:369)&#xa;	at com.kms.katalon.core.main.TestCaseExecutor.execute(TestCaseExecutor.java:369)&#xa;	at com.kms.katalon.core.main.TestCaseExecutor.execute(TestCaseExecutor.java:369)&#xa;	at com.kms.katalon.core.common.CommonExecutor.accessTestCaseMainPhase(CommonExecutor.java:71)&#xa;	at com.kms.katalon.core.main.TestSuiteExecutor.accessTestSuiteMainPhase(TestSuiteExecutor.java:160)&#xa;	at com.kms.katalon.core.main.TestSuiteExecutor.execute(TestSuiteExecutor.java:107)&#xa;	at com.kms.katalon.core.main.TestCaseMain.startTestSuite(TestCaseMain.java:180)&#xa;	at TempTestSuite1744535835378.run(TempTestSuite1744535835378.groovy:35)&#xa;	at java.base/jdk.internal.reflect.NativeMethodAccessorImpl.invoke0(Native Method)&#xa;	at java.base/jdk.internal.reflect.NativeMethodAccessorImpl.invoke(NativeMethodAccessorImpl.java:77)&#xa;	at java.base/jdk.internal.reflect.DelegatingMethodAccessorImpl.invoke(DelegatingMethodAccessorImpl.java:43)&#xa;Caused by: com.kms.katalon.core.exception.StepFailedException: Actual text '' and expected text 'Current Visit Actions' of test object 'Object Repository/Page_ActiveVisits/CurrentVisitActions' are NOT matched.&#xa;	at com.kms.katalon.core.webui.keyword.internal.WebUIKeywordMain.stepFailed(WebUIKeywordMain.groovy:117)&#xa;	at com.kms.katalon.core.webui.keyword.builtin.VerifyElementTextKeyword$_verifyElementText_closure1.doCall(VerifyElementTextKeyword.groovy:57)&#xa;	at com.kms.katalon.core.webui.keyword.builtin.VerifyElementTextKeyword$_verifyElementText_closure1.call(VerifyElementTextKeyword.groovy)&#xa;	at com.kms.katalon.core.webui.keyword.internal.WebUIKeywordMain.runKeyword(WebUIKeywordMain.groovy:35)&#xa;	... 23 more&#xa;"/>
         <system-out><![CDATA[13-04-2025T16:36:26 - [TEST_CASE][FAILED] - Test Cases/4. Active Visits/2. Admin dapat melihat Active Visits Pasien: Test Cases/4. Active Visits/2. Admin dapat melihat Active Visits Pasien FAILED.
Reason:
com.kms.katalon.core.exception.StepFailedException: Verify element text of test object 'Object Repository/Page_ActiveVisits/CurrentVisitActions' FAILED.
	at com.kms.katalon.core.webui.keyword.internal.WebUIKeywordMain.stepFailed(WebUIKeywordMain.groovy:117)
	at com.kms.katalon.core.webui.keyword.internal.WebUIKeywordMain.runKeyword(WebUIKeywordMain.groovy:43)
	at com.kms.katalon.core.webui.keyword.builtin.VerifyElementTextKeyword.verifyElementText(VerifyElementTextKeyword.groovy:72)
	at com.kms.katalon.core.webui.keyword.builtin.VerifyElementTextKeyword.execute(VerifyElementTextKeyword.groovy:40)
	at com.kms.katalon.core.keyword.internal.KeywordExecutor.executeKeywordForPlatform(KeywordExecutor.groovy:74)
	at com.kms.katalon.core.webui.keyword.WebUiBuiltInKeywords.verifyElementText(WebUiBuiltInKeywords.groovy:4994)
	at 2. Admin dapat melihat Active Visits Pasien.run(2. Admin dapat melihat Active Visits Pasien:98)
	at com.kms.katalon.core.main.ScriptEngine.run(ScriptEngine.java:194)
	at com.kms.katalon.core.main.ScriptEngine.runScriptAsRawText(ScriptEngine.java:119)
	at com.kms.katalon.core.main.TestCaseExecutor.runScript(TestCaseExecutor.java:448)
	at com.kms.katalon.core.main.TestCaseExecutor.doExecute(TestCaseExecutor.java:439)
	at com.kms.katalon.core.main.TestCaseExecutor.processExecutionPhase(TestCaseExecutor.java:418)
	at com.kms.katalon.core.main.TestCaseExecutor.accessMainPhase(TestCaseExecutor.java:410)
	at com.kms.katalon.core.main.TestCaseExecutor.execute(TestCaseExecutor.java:285)
	at com.kms.katalon.core.main.TestCaseExecutor.execute(TestCaseExecutor.java:369)
	at com.kms.katalon.core.main.TestCaseExecutor.execute(TestCaseExecutor.java:369)
	at com.kms.katalon.core.main.TestCaseExecutor.execute(TestCaseExecutor.java:369)
	at com.kms.katalon.core.common.CommonExecutor.accessTestCaseMainPhase(CommonExecutor.java:71)
	at com.kms.katalon.core.main.TestSuiteExecutor.accessTestSuiteMainPhase(TestSuiteExecutor.java:160)
	at com.kms.katalon.core.main.TestSuiteExecutor.execute(TestSuiteExecutor.java:107)
	at com.kms.katalon.core.main.TestCaseMain.startTestSuite(TestCaseMain.java:180)
	at TempTestSuite1744535835378.run(TempTestSuite1744535835378.groovy:35)
	at java.base/jdk.internal.reflect.NativeMethodAccessorImpl.invoke0(Native Method)
	at java.base/jdk.internal.reflect.NativeMethodAccessorImpl.invoke(NativeMethodAccessorImpl.java:77)
	at java.base/jdk.internal.reflect.DelegatingMethodAccessorImpl.invoke(DelegatingMethodAccessorImpl.java:43)
Caused by: com.kms.katalon.core.exception.StepFailedException: Actual text '' and expected text 'Current Visit Actions' of test object 'Object Repository/Page_ActiveVisits/CurrentVisitActions' are NOT matched.
	at com.kms.katalon.core.webui.keyword.internal.WebUIKeywordMain.stepFailed(WebUIKeywordMain.groovy:117)
	at com.kms.katalon.core.webui.keyword.builtin.VerifyElementTextKeyword$_verifyElementText_closure1.doCall(VerifyElementTextKeyword.groovy:57)
	at com.kms.katalon.core.webui.keyword.builtin.VerifyElementTextKeyword$_verifyElementText_closure1.call(VerifyElementTextKeyword.groovy)
	at com.kms.katalon.core.webui.keyword.internal.WebUIKeywordMain.runKeyword(WebUIKeywordMain.groovy:35)
	... 23 more


13-04-2025T16:36:26 - [TEST_STEP][PASSED] - Start listener action : sampleBeforeTestCase: Actual text and expected text of test object 'Object Repository/Dashboard/login_as' are matched.

13-04-2025T16:36:26 - [TEST_STEP][PASSED] - openBrowser(""): Browser is opened with url: ''

13-04-2025T16:36:26 - [MESSAGE][WARNING] - A browser is already opened. Closing browser and opening a new one

13-04-2025T16:36:26 - [MESSAGE][INFO] - Starting 'Chrome' driver

13-04-2025T16:36:26 - [MESSAGE][INFO] - Action delay is set to 0 milliseconds

13-04-2025T16:36:27 - [MESSAGE][PASSED] - Browser is opened with url: ''

13-04-2025T16:36:27 - [TEST_STEP][PASSED] - maximizeWindow(): Current window maximized

13-04-2025T16:36:27 - [MESSAGE][PASSED] - Current window maximized

13-04-2025T16:36:27 - [TEST_STEP][PASSED] - navigateToUrl(url): Navigate to 'https://o2.openmrs.org/openmrs/login.htm' successfully

13-04-2025T16:36:56 - [MESSAGE][PASSED] - Navigate to 'https://o2.openmrs.org/openmrs/login.htm' successfully

13-04-2025T16:36:56 - [TEST_STEP][PASSED] - setText(findTestObject("Object Repository/Page_Login/input_Username_username"), "admin"): Text 'admin' is set on object 'Object Repository/Page_Login/input_Username_username'

13-04-2025T16:36:57 - [MESSAGE][PASSED] - Text 'admin' is set on object 'Object Repository/Page_Login/input_Username_username'

13-04-2025T16:36:57 - [TEST_STEP][PASSED] - setEncryptedText(findTestObject("Object Repository/Page_Login/input_Password_password"), "/5S6MFFLcE4mlsixtc6/Tg=="): Text ****** has been set on object 'Object Repository/Page_Login/input_Password_password'

13-04-2025T16:36:57 - [MESSAGE][PASSED] - Text ****** has been set on object 'Object Repository/Page_Login/input_Password_password'

13-04-2025T16:36:57 - [TEST_STEP][PASSED] - click(findTestObject("Object Repository/Page_Login/li_Pharmacy")): Object: 'Object Repository/Page_Login/li_Pharmacy' is clicked on

13-04-2025T16:36:58 - [MESSAGE][PASSED] - Object: 'Object Repository/Page_Login/li_Pharmacy' is clicked on

13-04-2025T16:36:58 - [TEST_STEP][PASSED] - click(findTestObject("Object Repository/Page_Login/input_Registration Desk_loginButton")): Object: 'Object Repository/Page_Login/input_Registration Desk_loginButton' is clicked on

13-04-2025T16:37:00 - [MESSAGE][PASSED] - Object: 'Object Repository/Page_Login/input_Registration Desk_loginButton' is clicked on

13-04-2025T16:37:00 - [TEST_STEP][PASSED] - verifyElementText(findTestObject("Object Repository/Dashboard/login_as"), "Logged in as Super User (admin) at Pharmacy."): Actual text and expected text of test object 'Object Repository/Dashboard/login_as' are matched.

13-04-2025T16:37:01 - [MESSAGE][PASSED] - Actual text and expected text of test object 'Object Repository/Dashboard/login_as' are matched.

13-04-2025T16:37:01 - [TEST_STEP][PASSED] - click(findTestObject("Object Repository/Page_Home/a_Active Visits (1)")): Object: 'Object Repository/Page_Home/a_Active Visits (1)' is clicked on

13-04-2025T16:37:08 - [MESSAGE][PASSED] - Object: 'Object Repository/Page_Home/a_Active Visits (1)' is clicked on

13-04-2025T16:37:08 - [TEST_STEP][PASSED] - navigateToUrl("https://o2.openmrs.org/openmrs/coreapps/activeVisits.page?app=coreapps.activeVisits"): Navigate to 'https://o2.openmrs.org/openmrs/coreapps/activeVisits.page?app=coreapps.activeVisits' successfully

13-04-2025T16:37:09 - [MESSAGE][PASSED] - Navigate to 'https://o2.openmrs.org/openmrs/coreapps/activeVisits.page?app=coreapps.activeVisits' successfully

13-04-2025T16:37:09 - [TEST_STEP][PASSED] - setText(findTestObject("Object Repository/Page_OpenMRS Electronic Medical Record/input_search (1)"), "irman ramadhan"): Text 'irman ramadhan' is set on object 'Object Repository/Page_OpenMRS Electronic Medical Record/input_search (1)'

13-04-2025T16:37:10 - [MESSAGE][PASSED] - Text 'irman ramadhan' is set on object 'Object Repository/Page_OpenMRS Electronic Medical Record/input_search (1)'

13-04-2025T16:37:10 - [TEST_STEP][PASSED] - click(findTestObject("Object Repository/Page_OpenMRS Electronic Medical Record/a_irman ramadhan ZPNWq2sg (1)")): Object: 'Object Repository/Page_OpenMRS Electronic Medical Record/a_irman ramadhan ZPNWq2sg (1)' is clicked on

13-04-2025T16:37:25 - [MESSAGE][PASSED] - Object: 'Object Repository/Page_OpenMRS Electronic Medical Record/a_irman ramadhan ZPNWq2sg (1)' is clicked on

13-04-2025T16:37:25 - [TEST_STEP][PASSED] - verifyElementText(findTestObject("Object Repository/Page_OpenMRS Electronic Medical Record/span_irman (1)"), "irman"): Actual text and expected text of test object 'Object Repository/Page_OpenMRS Electronic Medical Record/span_irman (1)' are matched.

13-04-2025T16:37:29 - [MESSAGE][PASSED] - Actual text and expected text of test object 'Object Repository/Page_OpenMRS Electronic Medical Record/span_irman (1)' are matched.

13-04-2025T16:37:29 - [TEST_STEP][PASSED] - verifyElementText(findTestObject("Object Repository/Page_OpenMRS Electronic Medical Record/span_ramadhan (1)"), "ramadhan"): Actual text and expected text of test object 'Object Repository/Page_OpenMRS Electronic Medical Record/span_ramadhan (1)' are matched.

13-04-2025T16:37:29 - [MESSAGE][PASSED] - Actual text and expected text of test object 'Object Repository/Page_OpenMRS Electronic Medical Record/span_ramadhan (1)' are matched.

13-04-2025T16:37:29 - [TEST_STEP][PASSED] - verifyElementText(findTestObject("Object Repository/Page_OpenMRS Electronic Medical Record/em_Given (1)"), "Given"): Actual text and expected text of test object 'Object Repository/Page_OpenMRS Electronic Medical Record/em_Given (1)' are matched.

13-04-2025T16:37:30 - [MESSAGE][PASSED] - Actual text and expected text of test object 'Object Repository/Page_OpenMRS Electronic Medical Record/em_Given (1)' are matched.

13-04-2025T16:37:30 - [TEST_STEP][PASSED] - verifyElementText(findTestObject("Object Repository/Page_OpenMRS Electronic Medical Record/em_Middle (1)"), "Middle"): Actual text and expected text of test object 'Object Repository/Page_OpenMRS Electronic Medical Record/em_Middle (1)' are matched.

13-04-2025T16:37:30 - [MESSAGE][PASSED] - Actual text and expected text of test object 'Object Repository/Page_OpenMRS Electronic Medical Record/em_Middle (1)' are matched.

13-04-2025T16:37:30 - [TEST_STEP][PASSED] - verifyElementText(findTestObject("Object Repository/Page_OpenMRS Electronic Medical Record/em_Family Name (1)"), "Family Name"): Actual text and expected text of test object 'Object Repository/Page_OpenMRS Electronic Medical Record/em_Family Name (1)' are matched.

13-04-2025T16:37:30 - [MESSAGE][PASSED] - Actual text and expected text of test object 'Object Repository/Page_OpenMRS Electronic Medical Record/em_Family Name (1)' are matched.

13-04-2025T16:37:30 - [TEST_STEP][PASSED] - verifyElementText(findTestObject("Object Repository/Page_OpenMRS Electronic Medical Record/span_Male (1)"), "Male "): Actual text and expected text of test object 'Object Repository/Page_OpenMRS Electronic Medical Record/span_Male (1)' are matched.

13-04-2025T16:37:31 - [MESSAGE][PASSED] - Actual text and expected text of test object 'Object Repository/Page_OpenMRS Electronic Medical Record/span_Male (1)' are matched.

13-04-2025T16:37:31 - [TEST_STEP][PASSED] - verifyElementText(findTestObject("Object Repository/Page_OpenMRS Electronic Medical Record/span_31 year(s)                            _1191ad (1)"), "31 year(s) ( 04.Mar.1994)"): Actual text and expected text of test object 'Object Repository/Page_OpenMRS Electronic Medical Record/span_31 year(s)                            _1191ad (1)' are matched.

13-04-2025T16:37:31 - [MESSAGE][PASSED] - Actual text and expected text of test object 'Object Repository/Page_OpenMRS Electronic Medical Record/span_31 year(s)                            _1191ad (1)' are matched.

13-04-2025T16:37:31 - [TEST_STEP][PASSED] - verifyElementText(findTestObject("Object Repository/Page_OpenMRS Electronic Medical Record/em_Patient ID (1)"), "Patient ID"): Actual text and expected text of test object 'Object Repository/Page_OpenMRS Electronic Medical Record/em_Patient ID (1)' are matched.

13-04-2025T16:37:31 - [MESSAGE][PASSED] - Actual text and expected text of test object 'Object Repository/Page_OpenMRS Electronic Medical Record/em_Patient ID (1)' are matched.

13-04-2025T16:37:31 - [TEST_STEP][PASSED] - verifyElementPresent(findTestObject("Object Repository/Page_OpenMRS Electronic Medical Record/span_100LDG (1)"), 10): Object 'Object Repository/Page_OpenMRS Electronic Medical Record/span_100LDG (1)' is present

13-04-2025T16:37:31 - [MESSAGE][PASSED] - Object 'Object Repository/Page_OpenMRS Electronic Medical Record/span_100LDG (1)' is present

13-04-2025T16:37:31 - [TEST_STEP][PASSED] - verifyElementText(findTestObject("Object Repository/Page_OpenMRS Electronic Medical Record/h3_DIAGNOSES (1)"), "DIAGNOSES"): Actual text and expected text of test object 'Object Repository/Page_OpenMRS Electronic Medical Record/h3_DIAGNOSES (1)' are matched.

13-04-2025T16:37:32 - [MESSAGE][PASSED] - Actual text and expected text of test object 'Object Repository/Page_OpenMRS Electronic Medical Record/h3_DIAGNOSES (1)' are matched.

13-04-2025T16:37:32 - [TEST_STEP][PASSED] - verifyElementText(findTestObject("Object Repository/Page_OpenMRS Electronic Medical Record/div_None in the last 730 days (1)"), "None in the last 730 days"): Actual text and expected text of test object 'Object Repository/Page_OpenMRS Electronic Medical Record/div_None in the last 730 days (1)' are matched.

13-04-2025T16:37:32 - [MESSAGE][PASSED] - Actual text and expected text of test object 'Object Repository/Page_OpenMRS Electronic Medical Record/div_None in the last 730 days (1)' are matched.

13-04-2025T16:37:32 - [TEST_STEP][PASSED] - verifyElementText(findTestObject("Object Repository/Page_OpenMRS Electronic Medical Record/h3_LATEST OBSERVATIONS (1)"), "LATEST OBSERVATIONS"): Actual text and expected text of test object 'Object Repository/Page_OpenMRS Electronic Medical Record/h3_LATEST OBSERVATIONS (1)' are matched.

13-04-2025T16:37:32 - [MESSAGE][PASSED] - Actual text and expected text of test object 'Object Repository/Page_OpenMRS Electronic Medical Record/h3_LATEST OBSERVATIONS (1)' are matched.

13-04-2025T16:37:32 - [TEST_STEP][PASSED] - verifyElementText(findTestObject("Object Repository/Page_OpenMRS Electronic Medical Record/p_None in the last   30  days              _127cd3 (1)"), "None in the last 30 days None"): Actual text and expected text of test object 'Object Repository/Page_OpenMRS Electronic Medical Record/p_None in the last   30  days              _127cd3 (1)' are matched.

13-04-2025T16:37:32 - [MESSAGE][PASSED] - Actual text and expected text of test object 'Object Repository/Page_OpenMRS Electronic Medical Record/p_None in the last   30  days              _127cd3 (1)' are matched.

13-04-2025T16:37:32 - [TEST_STEP][PASSED] - verifyElementText(findTestObject("Object Repository/Page_OpenMRS Electronic Medical Record/h3_HEALTH TREND SUMMARY (1)"), "HEALTH TREND SUMMARY"): Actual text and expected text of test object 'Object Repository/Page_OpenMRS Electronic Medical Record/h3_HEALTH TREND SUMMARY (1)' are matched.

13-04-2025T16:37:33 - [MESSAGE][PASSED] - Actual text and expected text of test object 'Object Repository/Page_OpenMRS Electronic Medical Record/h3_HEALTH TREND SUMMARY (1)' are matched.

13-04-2025T16:37:33 - [TEST_STEP][PASSED] - verifyElementText(findTestObject("Object Repository/Page_OpenMRS Electronic Medical Record/h3_WEIGHT GRAPH (1)"), "WEIGHT GRAPH"): Actual text and expected text of test object 'Object Repository/Page_OpenMRS Electronic Medical Record/h3_WEIGHT GRAPH (1)' are matched.

13-04-2025T16:37:33 - [MESSAGE][PASSED] - Actual text and expected text of test object 'Object Repository/Page_OpenMRS Electronic Medical Record/h3_WEIGHT GRAPH (1)' are matched.

13-04-2025T16:37:33 - [TEST_STEP][PASSED] - verifyElementText(findTestObject("Object Repository/Page_OpenMRS Electronic Medical Record/strong_Weight (kg) (1)"), "Weight (kg)"): Actual text and expected text of test object 'Object Repository/Page_OpenMRS Electronic Medical Record/strong_Weight (kg) (1)' are matched.

13-04-2025T16:37:33 - [MESSAGE][PASSED] - Actual text and expected text of test object 'Object Repository/Page_OpenMRS Electronic Medical Record/strong_Weight (kg) (1)' are matched.

13-04-2025T16:37:33 - [TEST_STEP][PASSED] - verifyElementText(findTestObject("Object Repository/Page_OpenMRS Electronic Medical Record/span_None in the last   365  days (1)"), "None in the last 365 days"): Actual text and expected text of test object 'Object Repository/Page_OpenMRS Electronic Medical Record/span_None in the last   365  days (1)' are matched.

13-04-2025T16:37:34 - [MESSAGE][PASSED] - Actual text and expected text of test object 'Object Repository/Page_OpenMRS Electronic Medical Record/span_None in the last   365  days (1)' are matched.

13-04-2025T16:37:34 - [TEST_STEP][PASSED] - verifyElementText(findTestObject("Object Repository/Page_OpenMRS Electronic Medical Record/h3_VITALS (1)"), "VITALS"): Actual text and expected text of test object 'Object Repository/Page_OpenMRS Electronic Medical Record/h3_VITALS (1)' are matched.

13-04-2025T16:37:34 - [MESSAGE][PASSED] - Actual text and expected text of test object 'Object Repository/Page_OpenMRS Electronic Medical Record/h3_VITALS (1)' are matched.

13-04-2025T16:37:34 - [TEST_STEP][PASSED] - verifyElementText(findTestObject("Object Repository/Page_OpenMRS Electronic Medical Record/div_None (1)"), "None"): Actual text and expected text of test object 'Object Repository/Page_OpenMRS Electronic Medical Record/div_None (1)' are matched.

13-04-2025T16:37:34 - [MESSAGE][PASSED] - Actual text and expected text of test object 'Object Repository/Page_OpenMRS Electronic Medical Record/div_None (1)' are matched.

13-04-2025T16:37:34 - [TEST_STEP][PASSED] - verifyElementText(findTestObject("Object Repository/Page_OpenMRS Electronic Medical Record/h3_APPOINTMENTS (1)"), "APPOINTMENTS"): Actual text and expected text of test object 'Object Repository/Page_OpenMRS Electronic Medical Record/h3_APPOINTMENTS (1)' are matched.

13-04-2025T16:37:34 - [MESSAGE][PASSED] - Actual text and expected text of test object 'Object Repository/Page_OpenMRS Electronic Medical Record/h3_APPOINTMENTS (1)' are matched.

13-04-2025T16:37:34 - [TEST_STEP][PASSED] - verifyElementText(findTestObject("Object Repository/Page_OpenMRS Electronic Medical Record/div_None_1 (1)"), "None"): Actual text and expected text of test object 'Object Repository/Page_OpenMRS Electronic Medical Record/div_None_1 (1)' are matched.

13-04-2025T16:37:35 - [MESSAGE][PASSED] - Actual text and expected text of test object 'Object Repository/Page_OpenMRS Electronic Medical Record/div_None_1 (1)' are matched.

13-04-2025T16:37:35 - [TEST_STEP][PASSED] - verifyElementText(findTestObject("Object Repository/Page_OpenMRS Electronic Medical Record/h3_RECENT VISITS (1)"), "RECENT VISITS"): Actual text and expected text of test object 'Object Repository/Page_OpenMRS Electronic Medical Record/h3_RECENT VISITS (1)' are matched.

13-04-2025T16:37:35 - [MESSAGE][PASSED] - Actual text and expected text of test object 'Object Repository/Page_OpenMRS Electronic Medical Record/h3_RECENT VISITS (1)' are matched.

13-04-2025T16:37:35 - [TEST_STEP][PASSED] - verifyElementText(findTestObject("Object Repository/Page_OpenMRS Electronic Medical Record/p_None (1)"), "None"): Actual text and expected text of test object 'Object Repository/Page_OpenMRS Electronic Medical Record/p_None (1)' are matched.

13-04-2025T16:37:35 - [MESSAGE][PASSED] - Actual text and expected text of test object 'Object Repository/Page_OpenMRS Electronic Medical Record/p_None (1)' are matched.

13-04-2025T16:37:35 - [TEST_STEP][PASSED] - verifyElementText(findTestObject("Object Repository/Page_OpenMRS Electronic Medical Record/h3_FAMILY (1)"), "FAMILY"): Actual text and expected text of test object 'Object Repository/Page_OpenMRS Electronic Medical Record/h3_FAMILY (1)' are matched.

13-04-2025T16:37:35 - [MESSAGE][PASSED] - Actual text and expected text of test object 'Object Repository/Page_OpenMRS Electronic Medical Record/h3_FAMILY (1)' are matched.

13-04-2025T16:37:35 - [TEST_STEP][PASSED] - verifyElementText(findTestObject("Object Repository/Page_OpenMRS Electronic Medical Record/p_None_1 (1)"), "None"): Actual text and expected text of test object 'Object Repository/Page_OpenMRS Electronic Medical Record/p_None_1 (1)' are matched.

13-04-2025T16:37:36 - [MESSAGE][PASSED] - Actual text and expected text of test object 'Object Repository/Page_OpenMRS Electronic Medical Record/p_None_1 (1)' are matched.

13-04-2025T16:37:36 - [TEST_STEP][PASSED] - verifyElementText(findTestObject("Object Repository/Page_OpenMRS Electronic Medical Record/h3_CONDITIONS (1)"), "CONDITIONS"): Actual text and expected text of test object 'Object Repository/Page_OpenMRS Electronic Medical Record/h3_CONDITIONS (1)' are matched.

13-04-2025T16:37:36 - [MESSAGE][PASSED] - Actual text and expected text of test object 'Object Repository/Page_OpenMRS Electronic Medical Record/h3_CONDITIONS (1)' are matched.

13-04-2025T16:37:36 - [TEST_STEP][PASSED] - verifyElementText(findTestObject("Object Repository/Page_OpenMRS Electronic Medical Record/p_None_1_2 (1)"), "None"): Actual text and expected text of test object 'Object Repository/Page_OpenMRS Electronic Medical Record/p_None_1_2 (1)' are matched.

13-04-2025T16:37:36 - [MESSAGE][PASSED] - Actual text and expected text of test object 'Object Repository/Page_OpenMRS Electronic Medical Record/p_None_1_2 (1)' are matched.

13-04-2025T16:37:36 - [TEST_STEP][PASSED] - verifyElementText(findTestObject("Object Repository/Page_OpenMRS Electronic Medical Record/h3_ATTACHMENTS (1)"), "ATTACHMENTS"): Actual text and expected text of test object 'Object Repository/Page_OpenMRS Electronic Medical Record/h3_ATTACHMENTS (1)' are matched.

13-04-2025T16:37:36 - [MESSAGE][PASSED] - Actual text and expected text of test object 'Object Repository/Page_OpenMRS Electronic Medical Record/h3_ATTACHMENTS (1)' are matched.

13-04-2025T16:37:36 - [TEST_STEP][PASSED] - verifyElementText(findTestObject("Object Repository/Page_OpenMRS Electronic Medical Record/h3_ALLERGIES (1)"), "ALLERGIES"): Actual text and expected text of test object 'Object Repository/Page_OpenMRS Electronic Medical Record/h3_ALLERGIES (1)' are matched.

13-04-2025T16:37:37 - [MESSAGE][PASSED] - Actual text and expected text of test object 'Object Repository/Page_OpenMRS Electronic Medical Record/h3_ALLERGIES (1)' are matched.

13-04-2025T16:37:37 - [TEST_STEP][PASSED] - verifyElementText(findTestObject("Object Repository/Page_OpenMRS Electronic Medical Record/div_Unknown (1)"), "Unknown"): Actual text and expected text of test object 'Object Repository/Page_OpenMRS Electronic Medical Record/div_Unknown (1)' are matched.

13-04-2025T16:37:37 - [MESSAGE][PASSED] - Actual text and expected text of test object 'Object Repository/Page_OpenMRS Electronic Medical Record/div_Unknown (1)' are matched.

13-04-2025T16:37:37 - [TEST_STEP][FAILED] - verifyElementText(findTestObject("Page_ActiveVisits/CurrentVisitActions"), "Current Visit Actions"): Verify element text of test object 'Object Repository/Page_ActiveVisits/CurrentVisitActions' FAILED. (Root cause: com.kms.katalon.core.exception.StepFailedException: Verify element text of test object 'Object Repository/Page_ActiveVisits/CurrentVisitActions' FAILED.
	at com.kms.katalon.core.webui.keyword.internal.WebUIKeywordMain.stepFailed(WebUIKeywordMain.groovy:117)
	at com.kms.katalon.core.webui.keyword.internal.WebUIKeywordMain.runKeyword(WebUIKeywordMain.groovy:43)
	at com.kms.katalon.core.webui.keyword.builtin.VerifyElementTextKeyword.verifyElementText(VerifyElementTextKeyword.groovy:72)
	at com.kms.katalon.core.webui.keyword.builtin.VerifyElementTextKeyword.execute(VerifyElementTextKeyword.groovy:40)
	at com.kms.katalon.core.keyword.internal.KeywordExecutor.executeKeywordForPlatform(KeywordExecutor.groovy:74)
	at com.kms.katalon.core.webui.keyword.WebUiBuiltInKeywords.verifyElementText(WebUiBuiltInKeywords.groovy:4994)
	at 2. Admin dapat melihat Active Visits Pasien.run(2. Admin dapat melihat Active Visits Pasien:98)
	at com.kms.katalon.core.main.ScriptEngine.run(ScriptEngine.java:194)
	at com.kms.katalon.core.main.ScriptEngine.runScriptAsRawText(ScriptEngine.java:119)
	at com.kms.katalon.core.main.TestCaseExecutor.runScript(TestCaseExecutor.java:448)
	at com.kms.katalon.core.main.TestCaseExecutor.doExecute(TestCaseExecutor.java:439)
	at com.kms.katalon.core.main.TestCaseExecutor.processExecutionPhase(TestCaseExecutor.java:418)
	at com.kms.katalon.core.main.TestCaseExecutor.accessMainPhase(TestCaseExecutor.java:410)
	at com.kms.katalon.core.main.TestCaseExecutor.execute(TestCaseExecutor.java:285)
	at com.kms.katalon.core.main.TestCaseExecutor.execute(TestCaseExecutor.java:369)
	at com.kms.katalon.core.main.TestCaseExecutor.execute(TestCaseExecutor.java:369)
	at com.kms.katalon.core.main.TestCaseExecutor.execute(TestCaseExecutor.java:369)
	at com.kms.katalon.core.common.CommonExecutor.accessTestCaseMainPhase(CommonExecutor.java:71)
	at com.kms.katalon.core.main.TestSuiteExecutor.accessTestSuiteMainPhase(TestSuiteExecutor.java:160)
	at com.kms.katalon.core.main.TestSuiteExecutor.execute(TestSuiteExecutor.java:107)
	at com.kms.katalon.core.main.TestCaseMain.startTestSuite(TestCaseMain.java:180)
	at TempTestSuite1744535835378.run(TempTestSuite1744535835378.groovy:35)
	at java.base/jdk.internal.reflect.NativeMethodAccessorImpl.invoke0(Native Method)
	at java.base/jdk.internal.reflect.NativeMethodAccessorImpl.invoke(NativeMethodAccessorImpl.java:77)
	at java.base/jdk.internal.reflect.DelegatingMethodAccessorImpl.invoke(DelegatingMethodAccessorImpl.java:43)
Caused by: com.kms.katalon.core.exception.StepFailedException: Actual text '' and expected text 'Current Visit Actions' of test object 'Object Repository/Page_ActiveVisits/CurrentVisitActions' are NOT matched.
	at com.kms.katalon.core.webui.keyword.internal.WebUIKeywordMain.stepFailed(WebUIKeywordMain.groovy:117)
	at com.kms.katalon.core.webui.keyword.builtin.VerifyElementTextKeyword$_verifyElementText_closure1.doCall(VerifyElementTextKeyword.groovy:57)
	at com.kms.katalon.core.webui.keyword.builtin.VerifyElementTextKeyword$_verifyElementText_closure1.call(VerifyElementTextKeyword.groovy)
	at com.kms.katalon.core.webui.keyword.internal.WebUIKeywordMain.runKeyword(WebUIKeywordMain.groovy:35)
	... 23 more
)

13-04-2025T16:37:37 - [MESSAGE][FAILED] - Actual text '' and expected text 'Current Visit Actions' of test object 'Object Repository/Page_ActiveVisits/CurrentVisitActions' are NOT matched. (Root cause: com.kms.katalon.core.exception.StepFailedException: Actual text '' and expected text 'Current Visit Actions' of test object 'Object Repository/Page_ActiveVisits/CurrentVisitActions' are NOT matched.
	at com.kms.katalon.core.webui.keyword.internal.WebUIKeywordMain.stepFailed(WebUIKeywordMain.groovy:117)
	at com.kms.katalon.core.webui.keyword.builtin.VerifyElementTextKeyword$_verifyElementText_closure1.doCall(VerifyElementTextKeyword.groovy:57)
	at com.kms.katalon.core.webui.keyword.builtin.VerifyElementTextKeyword$_verifyElementText_closure1.call(VerifyElementTextKeyword.groovy)
	at com.kms.katalon.core.webui.keyword.internal.WebUIKeywordMain.runKeyword(WebUIKeywordMain.groovy:35)
	at com.kms.katalon.core.webui.keyword.builtin.VerifyElementTextKeyword.verifyElementText(VerifyElementTextKeyword.groovy:72)
	at com.kms.katalon.core.webui.keyword.builtin.VerifyElementTextKeyword.execute(VerifyElementTextKeyword.groovy:40)
	at com.kms.katalon.core.keyword.internal.KeywordExecutor.executeKeywordForPlatform(KeywordExecutor.groovy:74)
	at com.kms.katalon.core.webui.keyword.WebUiBuiltInKeywords.verifyElementText(WebUiBuiltInKeywords.groovy:4994)
	at 2. Admin dapat melihat Active Visits Pasien.run(2. Admin dapat melihat Active Visits Pasien:98)
	at com.kms.katalon.core.main.ScriptEngine.run(ScriptEngine.java:194)
	at com.kms.katalon.core.main.ScriptEngine.runScriptAsRawText(ScriptEngine.java:119)
	at com.kms.katalon.core.main.TestCaseExecutor.runScript(TestCaseExecutor.java:448)
	at com.kms.katalon.core.main.TestCaseExecutor.doExecute(TestCaseExecutor.java:439)
	at com.kms.katalon.core.main.TestCaseExecutor.processExecutionPhase(TestCaseExecutor.java:418)
	at com.kms.katalon.core.main.TestCaseExecutor.accessMainPhase(TestCaseExecutor.java:410)
	at com.kms.katalon.core.main.TestCaseExecutor.execute(TestCaseExecutor.java:285)
	at com.kms.katalon.core.main.TestCaseExecutor.execute(TestCaseExecutor.java:369)
	at com.kms.katalon.core.main.TestCaseExecutor.execute(TestCaseExecutor.java:369)
	at com.kms.katalon.core.main.TestCaseExecutor.execute(TestCaseExecutor.java:369)
	at com.kms.katalon.core.common.CommonExecutor.accessTestCaseMainPhase(CommonExecutor.java:71)
	at com.kms.katalon.core.main.TestSuiteExecutor.accessTestSuiteMainPhase(TestSuiteExecutor.java:160)
	at com.kms.katalon.core.main.TestSuiteExecutor.execute(TestSuiteExecutor.java:107)
	at com.kms.katalon.core.main.TestCaseMain.startTestSuite(TestCaseMain.java:180)
	at TempTestSuite1744535835378.run(TempTestSuite1744535835378.groovy:35)
	at java.base/jdk.internal.reflect.NativeMethodAccessorImpl.invoke0(Native Method)
	at java.base/jdk.internal.reflect.NativeMethodAccessorImpl.invoke(NativeMethodAccessorImpl.java:77)
	at java.base/jdk.internal.reflect.DelegatingMethodAccessorImpl.invoke(DelegatingMethodAccessorImpl.java:43)
)
[[ATTACHMENT|C:\\Users\\acer\\OneDrive\\Documents\\Automation-openRMS\\Reports\\20250413_161708\\4.TS_Active_Visits\\20250413_161715\\1744537057533.png]]

13-04-2025T16:37:37 - [MESSAGE][FAILED] - Verify element text of test object 'Object Repository/Page_ActiveVisits/CurrentVisitActions' FAILED. (Root cause: com.kms.katalon.core.exception.StepFailedException: Verify element text of test object 'Object Repository/Page_ActiveVisits/CurrentVisitActions' FAILED.
	at com.kms.katalon.core.webui.keyword.internal.WebUIKeywordMain.stepFailed(WebUIKeywordMain.groovy:117)
	at com.kms.katalon.core.webui.keyword.internal.WebUIKeywordMain.runKeyword(WebUIKeywordMain.groovy:43)
	at com.kms.katalon.core.webui.keyword.builtin.VerifyElementTextKeyword.verifyElementText(VerifyElementTextKeyword.groovy:72)
	at com.kms.katalon.core.webui.keyword.builtin.VerifyElementTextKeyword.execute(VerifyElementTextKeyword.groovy:40)
	at com.kms.katalon.core.keyword.internal.KeywordExecutor.executeKeywordForPlatform(KeywordExecutor.groovy:74)
	at com.kms.katalon.core.webui.keyword.WebUiBuiltInKeywords.verifyElementText(WebUiBuiltInKeywords.groovy:4994)
	at 2. Admin dapat melihat Active Visits Pasien.run(2. Admin dapat melihat Active Visits Pasien:98)
	at com.kms.katalon.core.main.ScriptEngine.run(ScriptEngine.java:194)
	at com.kms.katalon.core.main.ScriptEngine.runScriptAsRawText(ScriptEngine.java:119)
	at com.kms.katalon.core.main.TestCaseExecutor.runScript(TestCaseExecutor.java:448)
	at com.kms.katalon.core.main.TestCaseExecutor.doExecute(TestCaseExecutor.java:439)
	at com.kms.katalon.core.main.TestCaseExecutor.processExecutionPhase(TestCaseExecutor.java:418)
	at com.kms.katalon.core.main.TestCaseExecutor.accessMainPhase(TestCaseExecutor.java:410)
	at com.kms.katalon.core.main.TestCaseExecutor.execute(TestCaseExecutor.java:285)
	at com.kms.katalon.core.main.TestCaseExecutor.execute(TestCaseExecutor.java:369)
	at com.kms.katalon.core.main.TestCaseExecutor.execute(TestCaseExecutor.java:369)
	at com.kms.katalon.core.main.TestCaseExecutor.execute(TestCaseExecutor.java:369)
	at com.kms.katalon.core.common.CommonExecutor.accessTestCaseMainPhase(CommonExecutor.java:71)
	at com.kms.katalon.core.main.TestSuiteExecutor.accessTestSuiteMainPhase(TestSuiteExecutor.java:160)
	at com.kms.katalon.core.main.TestSuiteExecutor.execute(TestSuiteExecutor.java:107)
	at com.kms.katalon.core.main.TestCaseMain.startTestSuite(TestCaseMain.java:180)
	at TempTestSuite1744535835378.run(TempTestSuite1744535835378.groovy:35)
	at java.base/jdk.internal.reflect.NativeMethodAccessorImpl.invoke0(Native Method)
	at java.base/jdk.internal.reflect.NativeMethodAccessorImpl.invoke(NativeMethodAccessorImpl.java:77)
	at java.base/jdk.internal.reflect.DelegatingMethodAccessorImpl.invoke(DelegatingMethodAccessorImpl.java:43)
Caused by: com.kms.katalon.core.exception.StepFailedException: Actual text '' and expected text 'Current Visit Actions' of test object 'Object Repository/Page_ActiveVisits/CurrentVisitActions' are NOT matched.
	at com.kms.katalon.core.webui.keyword.internal.WebUIKeywordMain.stepFailed(WebUIKeywordMain.groovy:117)
	at com.kms.katalon.core.webui.keyword.builtin.VerifyElementTextKeyword$_verifyElementText_closure1.doCall(VerifyElementTextKeyword.groovy:57)
	at com.kms.katalon.core.webui.keyword.builtin.VerifyElementTextKeyword$_verifyElementText_closure1.call(VerifyElementTextKeyword.groovy)
	at com.kms.katalon.core.webui.keyword.internal.WebUIKeywordMain.runKeyword(WebUIKeywordMain.groovy:35)
	... 23 more
)
[[ATTACHMENT|C:\\Users\\acer\\OneDrive\\Documents\\Automation-openRMS\\Reports\\20250413_161708\\4.TS_Active_Visits\\20250413_161715\\1744537057690.png]]]]></system-out>
         <system-err><![CDATA[13-04-2025T16:36:26 - [TEST_CASE][FAILED] - Test Cases/4. Active Visits/2. Admin dapat melihat Active Visits Pasien: Test Cases/4. Active Visits/2. Admin dapat melihat Active Visits Pasien FAILED.
Reason:
com.kms.katalon.core.exception.StepFailedException: Verify element text of test object 'Object Repository/Page_ActiveVisits/CurrentVisitActions' FAILED.
	at com.kms.katalon.core.webui.keyword.internal.WebUIKeywordMain.stepFailed(WebUIKeywordMain.groovy:117)
	at com.kms.katalon.core.webui.keyword.internal.WebUIKeywordMain.runKeyword(WebUIKeywordMain.groovy:43)
	at com.kms.katalon.core.webui.keyword.builtin.VerifyElementTextKeyword.verifyElementText(VerifyElementTextKeyword.groovy:72)
	at com.kms.katalon.core.webui.keyword.builtin.VerifyElementTextKeyword.execute(VerifyElementTextKeyword.groovy:40)
	at com.kms.katalon.core.keyword.internal.KeywordExecutor.executeKeywordForPlatform(KeywordExecutor.groovy:74)
	at com.kms.katalon.core.webui.keyword.WebUiBuiltInKeywords.verifyElementText(WebUiBuiltInKeywords.groovy:4994)
	at 2. Admin dapat melihat Active Visits Pasien.run(2. Admin dapat melihat Active Visits Pasien:98)
	at com.kms.katalon.core.main.ScriptEngine.run(ScriptEngine.java:194)
	at com.kms.katalon.core.main.ScriptEngine.runScriptAsRawText(ScriptEngine.java:119)
	at com.kms.katalon.core.main.TestCaseExecutor.runScript(TestCaseExecutor.java:448)
	at com.kms.katalon.core.main.TestCaseExecutor.doExecute(TestCaseExecutor.java:439)
	at com.kms.katalon.core.main.TestCaseExecutor.processExecutionPhase(TestCaseExecutor.java:418)
	at com.kms.katalon.core.main.TestCaseExecutor.accessMainPhase(TestCaseExecutor.java:410)
	at com.kms.katalon.core.main.TestCaseExecutor.execute(TestCaseExecutor.java:285)
	at com.kms.katalon.core.main.TestCaseExecutor.execute(TestCaseExecutor.java:369)
	at com.kms.katalon.core.main.TestCaseExecutor.execute(TestCaseExecutor.java:369)
	at com.kms.katalon.core.main.TestCaseExecutor.execute(TestCaseExecutor.java:369)
	at com.kms.katalon.core.common.CommonExecutor.accessTestCaseMainPhase(CommonExecutor.java:71)
	at com.kms.katalon.core.main.TestSuiteExecutor.accessTestSuiteMainPhase(TestSuiteExecutor.java:160)
	at com.kms.katalon.core.main.TestSuiteExecutor.execute(TestSuiteExecutor.java:107)
	at com.kms.katalon.core.main.TestCaseMain.startTestSuite(TestCaseMain.java:180)
	at TempTestSuite1744535835378.run(TempTestSuite1744535835378.groovy:35)
	at java.base/jdk.internal.reflect.NativeMethodAccessorImpl.invoke0(Native Method)
	at java.base/jdk.internal.reflect.NativeMethodAccessorImpl.invoke(NativeMethodAccessorImpl.java:77)
	at java.base/jdk.internal.reflect.DelegatingMethodAccessorImpl.invoke(DelegatingMethodAccessorImpl.java:43)
Caused by: com.kms.katalon.core.exception.StepFailedException: Actual text '' and expected text 'Current Visit Actions' of test object 'Object Repository/Page_ActiveVisits/CurrentVisitActions' are NOT matched.
	at com.kms.katalon.core.webui.keyword.internal.WebUIKeywordMain.stepFailed(WebUIKeywordMain.groovy:117)
	at com.kms.katalon.core.webui.keyword.builtin.VerifyElementTextKeyword$_verifyElementText_closure1.doCall(VerifyElementTextKeyword.groovy:57)
	at com.kms.katalon.core.webui.keyword.builtin.VerifyElementTextKeyword$_verifyElementText_closure1.call(VerifyElementTextKeyword.groovy)
	at com.kms.katalon.core.webui.keyword.internal.WebUIKeywordMain.runKeyword(WebUIKeywordMain.groovy:35)
	... 23 more]]></system-err>
      </testcase>
      <system-out><![CDATA[13-04-2025T16:28:39 - [TEST_SUITE][FAILED] - 4.TS_Active_Visits: Test Cases/4. Active Visits/1. Search Active Visits by Patient Id, Name, Last Seen FAILED.
Reason:
com.kms.katalon.core.exception.StepFailedException: Verify element text of test object 'Object Repository/Page_OpenMRS Electronic Medical Record/a_irman ramadhan ZPNWq2sg' FAILED.
	at com.kms.katalon.core.webui.keyword.internal.WebUIKeywordMain.stepFailed(WebUIKeywordMain.groovy:117)
	at com.kms.katalon.core.webui.keyword.internal.WebUIKeywordMain.runKeyword(WebUIKeywordMain.groovy:43)
	at com.kms.katalon.core.webui.keyword.builtin.VerifyElementTextKeyword.verifyElementText(VerifyElementTextKeyword.groovy:72)
	at com.kms.katalon.core.webui.keyword.builtin.VerifyElementTextKeyword.execute(VerifyElementTextKeyword.groovy:40)
	at com.kms.katalon.core.keyword.internal.KeywordExecutor.executeKeywordForPlatform(KeywordExecutor.groovy:74)
	at com.kms.katalon.core.webui.keyword.WebUiBuiltInKeywords.verifyElementText(WebUiBuiltInKeywords.groovy:4994)
	at 1. Search Active Visits by Patient Id, Name, Last Seen.run(1. Search Active Visits by Patient Id, Name, Last Seen:24)
	at com.kms.katalon.core.main.ScriptEngine.run(ScriptEngine.java:194)
	at com.kms.katalon.core.main.ScriptEngine.runScriptAsRawText(ScriptEngine.java:119)
	at com.kms.katalon.core.main.TestCaseExecutor.runScript(TestCaseExecutor.java:448)
	at com.kms.katalon.core.main.TestCaseExecutor.doExecute(TestCaseExecutor.java:439)
	at com.kms.katalon.core.main.TestCaseExecutor.processExecutionPhase(TestCaseExecutor.java:418)
	at com.kms.katalon.core.main.TestCaseExecutor.accessMainPhase(TestCaseExecutor.java:410)
	at com.kms.katalon.core.main.TestCaseExecutor.execute(TestCaseExecutor.java:285)
	at com.kms.katalon.core.common.CommonExecutor.accessTestCaseMainPhase(CommonExecutor.java:71)
	at com.kms.katalon.core.main.TestSuiteExecutor.accessTestSuiteMainPhase(TestSuiteExecutor.java:160)
	at com.kms.katalon.core.main.TestSuiteExecutor.execute(TestSuiteExecutor.java:107)
	at com.kms.katalon.core.main.TestCaseMain.startTestSuite(TestCaseMain.java:180)
	at TempTestSuite1744535835378.run(TempTestSuite1744535835378.groovy:35)
	at java.base/jdk.internal.reflect.NativeMethodAccessorImpl.invoke0(Native Method)
	at java.base/jdk.internal.reflect.NativeMethodAccessorImpl.invoke(NativeMethodAccessorImpl.java:77)
	at java.base/jdk.internal.reflect.DelegatingMethodAccessorImpl.invoke(DelegatingMethodAccessorImpl.java:43)
Caused by: com.kms.katalon.core.exception.StepFailedException: Actual text 'irman ramadhan nhf4lZF9' and expected text 'irman ramadhan ZPNWq2sg' of test object 'Object Repository/Page_OpenMRS Electronic Medical Record/a_irman ramadhan ZPNWq2sg' are NOT matched.
	at com.kms.katalon.core.webui.keyword.internal.WebUIKeywordMain.stepFailed(WebUIKeywordMain.groovy:117)
	at com.kms.katalon.core.webui.keyword.builtin.VerifyElementTextKeyword$_verifyElementText_closure1.doCall(VerifyElementTextKeyword.groovy:57)
	at com.kms.katalon.core.webui.keyword.builtin.VerifyElementTextKeyword$_verifyElementText_closure1.call(VerifyElementTextKeyword.groovy)
	at com.kms.katalon.core.webui.keyword.internal.WebUIKeywordMain.runKeyword(WebUIKeywordMain.groovy:35)
	... 20 more]]></system-out>
      <system-err><![CDATA[13-04-2025T16:28:39 - [TEST_SUITE][FAILED] - 4.TS_Active_Visits: Test Cases/4. Active Visits/1. Search Active Visits by Patient Id, Name, Last Seen FAILED.
Reason:
com.kms.katalon.core.exception.StepFailedException: Verify element text of test object 'Object Repository/Page_OpenMRS Electronic Medical Record/a_irman ramadhan ZPNWq2sg' FAILED.
	at com.kms.katalon.core.webui.keyword.internal.WebUIKeywordMain.stepFailed(WebUIKeywordMain.groovy:117)
	at com.kms.katalon.core.webui.keyword.internal.WebUIKeywordMain.runKeyword(WebUIKeywordMain.groovy:43)
	at com.kms.katalon.core.webui.keyword.builtin.VerifyElementTextKeyword.verifyElementText(VerifyElementTextKeyword.groovy:72)
	at com.kms.katalon.core.webui.keyword.builtin.VerifyElementTextKeyword.execute(VerifyElementTextKeyword.groovy:40)
	at com.kms.katalon.core.keyword.internal.KeywordExecutor.executeKeywordForPlatform(KeywordExecutor.groovy:74)
	at com.kms.katalon.core.webui.keyword.WebUiBuiltInKeywords.verifyElementText(WebUiBuiltInKeywords.groovy:4994)
	at 1. Search Active Visits by Patient Id, Name, Last Seen.run(1. Search Active Visits by Patient Id, Name, Last Seen:24)
	at com.kms.katalon.core.main.ScriptEngine.run(ScriptEngine.java:194)
	at com.kms.katalon.core.main.ScriptEngine.runScriptAsRawText(ScriptEngine.java:119)
	at com.kms.katalon.core.main.TestCaseExecutor.runScript(TestCaseExecutor.java:448)
	at com.kms.katalon.core.main.TestCaseExecutor.doExecute(TestCaseExecutor.java:439)
	at com.kms.katalon.core.main.TestCaseExecutor.processExecutionPhase(TestCaseExecutor.java:418)
	at com.kms.katalon.core.main.TestCaseExecutor.accessMainPhase(TestCaseExecutor.java:410)
	at com.kms.katalon.core.main.TestCaseExecutor.execute(TestCaseExecutor.java:285)
	at com.kms.katalon.core.common.CommonExecutor.accessTestCaseMainPhase(CommonExecutor.java:71)
	at com.kms.katalon.core.main.TestSuiteExecutor.accessTestSuiteMainPhase(TestSuiteExecutor.java:160)
	at com.kms.katalon.core.main.TestSuiteExecutor.execute(TestSuiteExecutor.java:107)
	at com.kms.katalon.core.main.TestCaseMain.startTestSuite(TestCaseMain.java:180)
	at TempTestSuite1744535835378.run(TempTestSuite1744535835378.groovy:35)
	at java.base/jdk.internal.reflect.NativeMethodAccessorImpl.invoke0(Native Method)
	at java.base/jdk.internal.reflect.NativeMethodAccessorImpl.invoke(NativeMethodAccessorImpl.java:77)
	at java.base/jdk.internal.reflect.DelegatingMethodAccessorImpl.invoke(DelegatingMethodAccessorImpl.java:43)
Caused by: com.kms.katalon.core.exception.StepFailedException: Actual text 'irman ramadhan nhf4lZF9' and expected text 'irman ramadhan ZPNWq2sg' of test object 'Object Repository/Page_OpenMRS Electronic Medical Record/a_irman ramadhan ZPNWq2sg' are NOT matched.
	at com.kms.katalon.core.webui.keyword.internal.WebUIKeywordMain.stepFailed(WebUIKeywordMain.groovy:117)
	at com.kms.katalon.core.webui.keyword.builtin.VerifyElementTextKeyword$_verifyElementText_closure1.doCall(VerifyElementTextKeyword.groovy:57)
	at com.kms.katalon.core.webui.keyword.builtin.VerifyElementTextKeyword$_verifyElementText_closure1.call(VerifyElementTextKeyword.groovy)
	at com.kms.katalon.core.webui.keyword.internal.WebUIKeywordMain.runKeyword(WebUIKeywordMain.groovy:35)
	... 20 more]]></system-err>
   </testsuite>
</testsuites>
